<?xml version="1.0" encoding="utf-8"?><testsuites name="pytest tests"><testsuite name="pytest" errors="0" failures="0" skipped="0" tests="12" time="5.588" timestamp="2026-09-03T00:03:32.424935+00:00" hostname="agent-env-180f5f46-2b2b-4fa0-90af-9fafd402a206"><testcase classname="tests.test_auth_lockout.TestSeededAccountsStillWork" name="test_all_four_accounts_get_jwt[super_admin]" time="0.648" /><testcase classname="tests.test_auth_lockout.TestSeededAccountsStillWork" name="test_all_four_accounts_get_jwt[provider]" time="0.447" /><testcase classname="tests.test_auth_lockout.TestSeededAccountsStillWork" name="test_all_four_accounts_get_jwt[district_admin]" time="0.449" /><testcase classname="tests.test_auth_lockout.TestSeededAccountsStillWork" name="test_all_four_accounts_get_jwt[state_admin]" time="0.446" /><testcase classname="tests.test_auth_lockout.TestLockoutRealAccountValidPassword" name="test_create_throwaway_account" time="2.537" /><testcase classname="tests.test_auth_lockout.TestLockoutInfra" name="test_login_attempts_indexes" time="0.400" /><testcase classname="tests.test_auth_lockout.TestLockoutInfra" name="test_bcrypt_hash_format" time="0.335" /><testcase classname="tests.test_auth_lockout.TestLockoutRealAccountValidPassword" name="test_valid_password_returns_429_while_locked" time="1.722" /><testcase classname="tests.test_auth_lockout.TestLockoutInfra" name="test_cors_credentials_config" time="0.370" /><testcase classname="tests.test_auth_lockout.TestLockoutNonExistentEmail" name="test_five_failures_then_429" time="1.277" /><testcase classname="tests.test_auth_lockout.TestLockoutRealAccountValidPassword" name="test_cleanup_lockout_and_login_again" time="0.999" /><testcase classname="tests.test_auth_lockout.TestLockoutNonExistentEmail" name="test_unrelated_account_still_logs_in_while_other_locked" time="0.286" /></testsuite></testsuites>