<?xml version="1.0" encoding="utf-8"?><testsuites name="pytest tests"><testsuite name="pytest" errors="0" failures="0" skipped="0" tests="15" time="22.304" timestamp="2026-09-02T23:57:10.790217+00:00" hostname="agent-env-180f5f46-2b2b-4fa0-90af-9fafd402a206"><testcase classname="tests.test_phase6_export_consent_wage.TestConsentLogs" name="test_consent_logs_requires_auth" time="3.981" /><testcase classname="tests.test_phase6_export_consent_wage.TestConsentLogs" name="test_consent_logs_shape_and_seeded_events" time="5.725" /><testcase classname="tests.test_phase6_export_consent_wage.TestConsentLogs" name="test_consent_write_path_scope_updated_then_revoked_then_restore" time="1.191" /><testcase classname="tests.test_phase6_export_consent_wage.TestWageProgression" name="test_requires_auth" time="0.132" /><testcase classname="tests.test_phase6_export_consent_wage.TestWageProgression" name="test_points_sorted_and_mapped" time="8.669" /><testcase classname="tests.test_phase6_export_consent_wage.TestWageProgression" name="test_bad_trainee_id" time="0.116" /><testcase classname="tests.test_phase6_export_consent_wage.TestExports" name="test_csv_requires_auth" time="0.125" /><testcase classname="tests.test_phase6_export_consent_wage.TestExports" name="test_pdf_requires_auth" time="0.134" /><testcase classname="tests.test_phase6_export_consent_wage.TestExports" name="test_csv_header_and_rows" time="0.386" /><testcase classname="tests.test_phase6_export_consent_wage.TestExports" name="test_csv_respects_district_filter" time="0.251" /><testcase classname="tests.test_phase6_export_consent_wage.TestExports" name="test_csv_respects_gender_filter" time="0.229" /><testcase classname="tests.test_phase6_export_consent_wage.TestExports" name="test_pdf_is_valid" time="0.229" /><testcase classname="tests.test_phase6_export_consent_wage.TestExports" name="test_pdf_with_filter" time="0.149" /><testcase classname="tests.test_phase6_export_consent_wage.TestExports" name="test_provider_export_is_role_scoped" time="0.708" /><testcase classname="tests.test_phase6_export_consent_wage.TestExports" name="test_district_admin_export_scoped" time="0.224" /></testsuite></testsuites>