<?xml version="1.0" encoding="utf-8"?><testsuites name="pytest tests"><testsuite name="pytest" errors="6" failures="9" skipped="0" tests="74" time="9.859" timestamp="2026-09-03T00:27:50.309821+00:00" hostname="agent-env-180f5f46-2b2b-4fa0-90af-9fafd402a206"><testcase classname="tests.test_phase6_export_consent_wage.TestExports" name="test_csv_requires_auth" time="0.171" /><testcase classname="tests.test_phase2_regression.TestAuth" name="test_login_all_seeded_accounts[super_admin]" time="0.490" /><testcase classname="tests.test_phase6_export_consent_wage.TestExports" name="test_pdf_requires_auth" time="0.298" /><testcase classname="tests.test_phase2_regression.TestAuth" name="test_login_all_seeded_accounts[provider]" time="0.311" /><testcase classname="tests.test_phase2_regression.TestAuth" name="test_login_all_seeded_accounts[district_admin]" time="0.449" /><testcase classname="tests.test_phase2_regression.TestAuth" name="test_login_all_seeded_accounts[state_admin]" time="0.448" /><testcase classname="tests.test_phase6_export_consent_wage.TestExports" name="test_csv_header_and_rows" time="2.113"><error message="failed on setup with &quot;AssertionError: {&quot;detail&quot;:&quot;Select a provider to view trainee-level data&quot;}&#10;assert 403 == 200&#10; +  where 403 = &lt;Response [403]&gt;.status_code&quot;">E   AssertionError: {"detail":"Select a provider to view trainee-level data"}
    assert 403 == 200
     +  where 403 = &lt;Response [403]&gt;.status_code</error></testcase><testcase classname="tests.test_phase6_export_consent_wage.TestExports" name="test_csv_respects_district_filter" time="0.368" /><testcase classname="tests.test_phase6_export_consent_wage.TestExports" name="test_csv_respects_gender_filter" time="0.352" /><testcase classname="tests.test_phase2_regression.TestAuth" name="test_me_returns_current_user" time="1.611" /><testcase classname="tests.test_phase6_export_consent_wage.TestExports" name="test_pdf_is_valid" time="0.511" /><testcase classname="tests.test_phase2_regression.TestAuth" name="test_me_without_token_401" time="0.078" /><testcase classname="tests.test_phase2_regression.TestAuth" name="test_invalid_password_401" time="0.413" /><testcase classname="tests.test_phase2_regression.TestAuth" name="test_brute_force_lockout_after_5_failures" time="0.719" /><testcase classname="tests.test_phase6_export_consent_wage.TestExports" name="test_pdf_with_filter" time="0.279" /><testcase classname="tests.test_phase6_export_consent_wage.TestExports" name="test_provider_export_is_role_scoped" time="0.629" /><testcase classname="tests.test_phase2_regression.TestAuth" name="test_role_enforcement_provider_cannot_register" time="0.090" /><testcase classname="tests.test_ml_routes.TestClassifyResponse" name="test_classify[I got a job at a bakery near my house-employed-Hospitality]" time="0.082" /><testcase classname="tests.test_ml_routes.TestClassifyResponse" name="test_classify[I started my own shop-self_employed-None]" time="0.087" /><testcase classname="tests.test_phase6_export_consent_wage.TestExports" name="test_district_admin_export_scoped" time="0.204" /><testcase classname="tests.test_ml_routes.TestClassifyResponse" name="test_classify[still searching, no openings-unemployed-None]" time="0.080" /><testcase classname="tests.test_ml_routes.TestClassifyResponse" name="test_classify[doing apprenticeship at a garage-apprentice-Automotive]" time="0.091" /><testcase classname="tests.test_phase2_regression.TestTraineeScoping" name="test_super_admin_sees_150" time="0.064"><failure message="AssertionError: {&quot;detail&quot;:&quot;Trainee-level data requires drilling into a provider, course, or district&quot;}&#10;assert 403 == 200&#10; +  where 403 = &lt;Response [403]&gt;.status_code">E   AssertionError: {"detail":"Trainee-level data requires drilling into a provider, course, or district"}
    assert 403 == 200
     +  where 403 = &lt;Response [403]&gt;.status_code</failure></testcase><testcase classname="tests.test_ml_routes.TestClassifyResponse" name="test_classify_bakery_sector_is_hospitality" time="0.077" /><testcase classname="tests.test_phase2_regression.TestTraineeScoping" name="test_provider_sees_subset" time="0.149"><failure message="KeyError: 'total'">E   KeyError: 'total'</failure></testcase><testcase classname="tests.test_ml_routes.TestClassifyResponse" name="test_classify_no_auth_required" time="0.074" /><testcase classname="tests.test_ml_routes.TestClassifyResponse" name="test_classify_empty_text" time="0.092" /><testcase classname="tests.test_phase2_regression.TestTraineeScoping" name="test_district_admin_scoped_to_pune" time="0.047" /><testcase classname="tests.test_phase2_regression.TestTraineeScoping" name="test_phone_not_leaked_and_no_mongo_id_key" time="0.045"><failure message="KeyError: 'items'">E   KeyError: 'items'</failure></testcase><testcase classname="tests.test_ml_routes.TestClassifyResponse" name="test_classify_missing_field_validation" time="0.085" /><testcase classname="tests.test_phase2_regression.TestTraineeScoping" name="test_get_trainee_detail" time="0.046"><failure message="KeyError: 'items'">E   KeyError: 'items'</failure></testcase><testcase classname="tests.test_phase2_regression.TestTraineeScoping" name="test_bad_id_returns_400" time="0.048" /><testcase classname="tests.test_phase2_regression.TestTraineeScoping" name="test_provider_forbidden_on_foreign_trainee" time="0.047"><failure message="KeyError: 'items'">E   KeyError: 'items'</failure></testcase><testcase classname="tests.test_phase2_regression.TestAnalytics" name="test_district_summary" time="0.064" /><testcase classname="tests.test_phase2_regression.TestAnalytics" name="test_demographic_breakdown" time="0.065" /><testcase classname="tests.test_phase2_regression.TestAnalytics" name="test_non_placement_reasons" time="0.123" /><testcase classname="tests.test_phase2_regression.TestAnalytics" name="test_providers_and_programs" time="0.095" /><testcase classname="tests.test_phase2_regression.TestAnalytics" name="test_provider_summary_scoped" time="0.109" /><testcase classname="tests.test_phase4_ml_wiring.TestFollowupClassification" name="test_self_employed_beauty" time="0.584" /><testcase classname="tests.test_ml_routes.TestPredictRisk" name="test_weak_profile_high_risk" time="0.120" /><testcase classname="tests.test_phase4_ml_wiring.TestFollowupClassification" name="test_employed_healthcare" time="0.118" /><testcase classname="tests.test_ml_routes.TestPredictRisk" name="test_strong_profile_low_risk" time="0.051" /><testcase classname="tests.test_phase4_ml_wiring.TestFollowupClassification" name="test_unreachable_and_validation" time="0.259" /><testcase classname="tests.test_ml_routes.TestPredictRisk" name="test_weak_risk_ge_strong_risk" time="0.103" /><testcase classname="tests.test_ml_routes.TestPredictRisk" name="test_unknown_categories_handled" time="0.055" /><testcase classname="tests.test_ml_routes.TestPredictRisk" name="test_validation_error_on_bad_types" time="0.047" /><testcase classname="tests.test_ml_routes.TestMatchIdentity" name="test_requires_auth" time="0.264" /><testcase classname="tests.test_phase4_ml_wiring.TestFollowupClassification" name="test_trainee_risk" time="0.309" /><testcase classname="tests.test_ml_routes.TestMatchIdentity" name="test_invalid_token_rejected" time="0.047" /><testcase classname="tests.test_ml_routes.TestMatchIdentity" name="test_duplicate_detected_for_existing_trainee" time="0.045"><failure message="AssertionError: {&quot;detail&quot;:&quot;Trainee-level data requires drilling into a provider, course, or district&quot;}&#10;assert 403 == 200&#10; +  where 403 = &lt;Response [403]&gt;.status_code">E   AssertionError: {"detail":"Trainee-level data requires drilling into a provider, course, or district"}
    assert 403 == 200
     +  where 403 = &lt;Response [403]&gt;.status_code</failure></testcase><testcase classname="tests.test_phase4_ml_wiring.TestFollowupClassification" name="test_risk_400_without_enrollment" time="0.189" /><testcase classname="tests.test_ml_routes.TestMatchIdentity" name="test_fake_person_not_duplicate" time="0.051" /><testcase classname="tests.test_phase4_ml_wiring.TestFollowupClassification" name="test_risk_404_unknown_trainee" time="0.079" /><testcase classname="tests.test_phase6_export_consent_wage.TestConsentLogs" name="test_consent_logs_requires_auth" time="0.198"><error message="failed on setup with &quot;AssertionError: {&quot;detail&quot;:&quot;Select a provider to view trainee-level data&quot;}&#10;assert 403 == 200&#10; +  where 403 = &lt;Response [403]&gt;.status_code&quot;">E   AssertionError: {"detail":"Select a provider to view trainee-level data"}
    assert 403 == 200
     +  where 403 = &lt;Response [403]&gt;.status_code</error></testcase><testcase classname="tests.test_phase6_export_consent_wage.TestConsentLogs" name="test_consent_logs_shape_and_seeded_events" time="0.000"><error message="failed on setup with &quot;AssertionError: {&quot;detail&quot;:&quot;Select a provider to view trainee-level data&quot;}&#10;assert 403 == 200&#10; +  where 403 = &lt;Response [403]&gt;.status_code&quot;">E   AssertionError: {"detail":"Select a provider to view trainee-level data"}
    assert 403 == 200
     +  where 403 = &lt;Response [403]&gt;.status_code</error></testcase><testcase classname="tests.test_phase6_export_consent_wage.TestConsentLogs" name="test_consent_write_path_scope_updated_then_revoked_then_restore" time="0.000"><error message="failed on setup with &quot;AssertionError: {&quot;detail&quot;:&quot;Select a provider to view trainee-level data&quot;}&#10;assert 403 == 200&#10; +  where 403 = &lt;Response [403]&gt;.status_code&quot;">E   AssertionError: {"detail":"Select a provider to view trainee-level data"}
    assert 403 == 200
     +  where 403 = &lt;Response [403]&gt;.status_code</error></testcase><testcase classname="tests.test_phase2_regression.TestFollowupRespond" name="test_respond_with_raw_text_classifies" time="0.190" /><testcase classname="tests.test_phase6_export_consent_wage.TestWageProgression" name="test_requires_auth" time="0.139"><error message="failed on setup with &quot;AssertionError: {&quot;detail&quot;:&quot;Select a provider to view trainee-level data&quot;}&#10;assert 403 == 200&#10; +  where 403 = &lt;Response [403]&gt;.status_code&quot;">E   AssertionError: {"detail":"Select a provider to view trainee-level data"}
    assert 403 == 200
     +  where 403 = &lt;Response [403]&gt;.status_code</error></testcase><testcase classname="tests.test_phase6_export_consent_wage.TestWageProgression" name="test_points_sorted_and_mapped" time="0.000"><error message="failed on setup with &quot;AssertionError: {&quot;detail&quot;:&quot;Select a provider to view trainee-level data&quot;}&#10;assert 403 == 200&#10; +  where 403 = &lt;Response [403]&gt;.status_code&quot;">E   AssertionError: {"detail":"Select a provider to view trainee-level data"}
    assert 403 == 200
     +  where 403 = &lt;Response [403]&gt;.status_code</error></testcase><testcase classname="tests.test_phase6_export_consent_wage.TestWageProgression" name="test_bad_trainee_id" time="0.166" /><testcase classname="tests.test_phase2_regression.TestFollowupRespond" name="test_respond_requires_payload" time="0.098" /><testcase classname="tests.test_phase2_regression.TestFollowupRespond" name="test_respond_unknown_followup_404" time="0.054" /><testcase classname="tests.test_phase2_regression.TestEmploymentVerification" name="test_full_verification_flow_and_token_reuse" time="0.111"><failure message="KeyError: 'items'">E   KeyError: 'items'</failure></testcase><testcase classname="tests.test_phase2_regression.TestEmploymentVerification" name="test_invalid_token_404" time="0.241" /><testcase classname="tests.test_phase2_regression.TestEmploymentVerification" name="test_invalid_employment_type_400" time="0.086"><failure message="KeyError: 'items'">E   KeyError: 'items'</failure></testcase><testcase classname="tests.test_phase4_ml_wiring.TestAtRiskTrainees" name="test_at_risk_high" time="1.037" /><testcase classname="tests.test_phase4_ml_wiring.TestRegression" name="test_all_roles_login" time="1.267" /><testcase classname="tests.test_phase4_ml_wiring.TestAtRiskTrainees" name="test_rbac_other_provider_forbidden" time="0.311" /><testcase classname="tests.test_phase4_ml_wiring.TestAtRiskTrainees" name="test_no_auth_rejected" time="0.304" /><testcase classname="tests.test_phase4_ml_wiring.TestDuplicateDetection" name="test_duplicate_flow" time="0.219" /><testcase classname="tests.test_phase4_ml_wiring.TestRegression" name="test_ml_routes" time="0.464" /><testcase classname="tests.test_phase4_ml_wiring.TestDuplicateDetection" name="test_distinct_person_not_blocked" time="0.093" /><testcase classname="tests.test_ml_routes.TestMLHealth" name="test_health_models_ready_and_metrics" time="0.049" /><testcase classname="tests.test_phase4_ml_wiring.TestRegression" name="test_trainee_scoping" time="0.084"><failure message="AssertionError: {&quot;detail&quot;:&quot;Trainee-level data requires drilling into a provider, course, or district&quot;}&#10;assert 403 == 200&#10; +  where 403 = &lt;Response [403]&gt;.status_code">E   AssertionError: {"detail":"Trainee-level data requires drilling into a provider, course, or district"}
    assert 403 == 200
     +  where 403 = &lt;Response [403]&gt;.status_code</failure></testcase></testsuite></testsuites>