<?xml version="1.0" encoding="utf-8"?><testsuites name="pytest tests"><testsuite name="pytest" errors="0" failures="0" skipped="0" tests="109" time="26.756" timestamp="2026-09-03T00:38:44.411655+00:00" hostname="agent-env-180f5f46-2b2b-4fa0-90af-9fafd402a206"><testcase classname="tests.test_phase2_regression.TestAuth" name="test_login_all_seeded_accounts[super_admin]" time="0.424" /><testcase classname="tests.test_phase2_regression.TestAuth" name="test_login_all_seeded_accounts[provider]" time="0.449" /><testcase classname="tests.test_phase2_regression.TestAuth" name="test_login_all_seeded_accounts[district_admin]" time="0.444" /><testcase classname="tests.test_phase2_regression.TestAuth" name="test_login_all_seeded_accounts[state_admin]" time="0.450" /><testcase classname="tests.test_phase7_privacy.TestAdminAggregationOnly" name="test_list_trainees_requires_drilldown[super_admin]" time="2.223" /><testcase classname="tests.test_phase7_privacy.TestAdminAggregationOnly" name="test_list_trainees_requires_drilldown[state_admin]" time="0.294" /><testcase classname="tests.test_phase7_privacy.TestAdminAggregationOnly" name="test_trainees_overview_requires_provider[super_admin]" time="0.296" /><testcase classname="tests.test_phase7_privacy.TestAdminAggregationOnly" name="test_trainees_overview_requires_provider[state_admin]" time="0.292" /><testcase classname="tests.test_phase2_regression.TestAuth" name="test_me_returns_current_user" time="1.394" /><testcase classname="tests.test_phase7_privacy.TestAdminAggregationOnly" name="test_drilldown_with_provider_id_allowed" time="0.565" /><testcase classname="tests.test_phase2_regression.TestAuth" name="test_me_without_token_401" time="0.065" /><testcase classname="tests.test_phase2_regression.TestAuth" name="test_invalid_password_401" time="0.289" /><testcase classname="tests.test_phase2_regression.TestAuth" name="test_brute_force_lockout_after_5_failures" time="0.561" /><testcase classname="tests.test_phase7_privacy.TestAdminAggregationOnly" name="test_district_drilldown_allowed" time="0.095" /><testcase classname="tests.test_phase7_privacy.TestAdminAggregationOnly" name="test_provider_overview_scoped_to_own" time="0.736" /><testcase classname="tests.test_phase2_regression.TestAuth" name="test_role_enforcement_provider_cannot_register" time="0.070" /><testcase classname="tests.test_phase6_export_consent_wage.TestExports" name="test_csv_requires_auth" time="0.171" /><testcase classname="tests.test_phase6_export_consent_wage.TestExports" name="test_pdf_requires_auth" time="0.146" /><testcase classname="tests.test_phase7_privacy.TestAdminAggregationOnly" name="test_district_admin_scoped" time="0.145" /><testcase classname="tests.test_phase7_privacy.TestAdminAggregationOnly" name="test_analytics_overview_is_aggregate_only[super_admin]" time="0.184" /><testcase classname="tests.test_phase6_export_consent_wage.TestExports" name="test_csv_header_and_rows" time="0.616" /><testcase classname="tests.test_phase7_privacy.TestAdminAggregationOnly" name="test_analytics_overview_is_aggregate_only[state_admin]" time="0.199" /><testcase classname="tests.test_phase7_privacy.TestAdminAggregationOnly" name="test_analytics_overview_is_aggregate_only[district_admin]" time="0.163" /><testcase classname="tests.test_phase6_export_consent_wage.TestExports" name="test_csv_respects_district_filter" time="0.607" /><testcase classname="tests.test_phase7_privacy.TestAdminAggregationOnly" name="test_analytics_overview_is_aggregate_only[provider]" time="0.431" /><testcase classname="tests.test_ml_routes.TestClassifyResponse" name="test_classify[I got a job at a bakery near my house-employed-Hospitality]" time="0.083" /><testcase classname="tests.test_phase6_export_consent_wage.TestExports" name="test_csv_respects_gender_filter" time="0.205" /><testcase classname="tests.test_ml_routes.TestClassifyResponse" name="test_classify[I started my own shop-self_employed-None]" time="0.084" /><testcase classname="tests.test_ml_routes.TestClassifyResponse" name="test_classify[still searching, no openings-unemployed-None]" time="0.094" /><testcase classname="tests.test_ml_routes.TestClassifyResponse" name="test_classify[doing apprenticeship at a garage-apprentice-Automotive]" time="0.082" /><testcase classname="tests.test_phase6_export_consent_wage.TestExports" name="test_pdf_is_valid" time="0.242" /><testcase classname="tests.test_ml_routes.TestClassifyResponse" name="test_classify_bakery_sector_is_hospitality" time="0.134" /><testcase classname="tests.test_ml_routes.TestClassifyResponse" name="test_classify_no_auth_required" time="0.121" /><testcase classname="tests.test_phase6_export_consent_wage.TestExports" name="test_pdf_with_filter" time="0.164" /><testcase classname="tests.test_ml_routes.TestClassifyResponse" name="test_classify_empty_text" time="0.083" /><testcase classname="tests.test_phase6_export_consent_wage.TestExports" name="test_provider_export_is_role_scoped" time="0.656" /><testcase classname="tests.test_ml_routes.TestClassifyResponse" name="test_classify_missing_field_validation" time="0.076" /><testcase classname="tests.test_phase2_regression.TestTraineeScoping" name="test_super_admin_requires_drilldown_then_sees_all" time="0.166" /><testcase classname="tests.test_phase2_regression.TestTraineeScoping" name="test_provider_sees_subset" time="0.182" /><testcase classname="tests.test_phase2_regression.TestTraineeScoping" name="test_district_admin_scoped_to_pune" time="0.086" /><testcase classname="tests.test_phase2_regression.TestTraineeScoping" name="test_phone_not_leaked_and_no_mongo_id_key" time="0.079" /><testcase classname="tests.test_phase2_regression.TestTraineeScoping" name="test_get_trainee_detail" time="0.212" /><testcase classname="tests.test_phase6_export_consent_wage.TestExports" name="test_district_admin_export_scoped" time="0.211" /><testcase classname="tests.test_phase2_regression.TestTraineeScoping" name="test_bad_id_returns_400" time="0.088" /><testcase classname="tests.test_phase2_regression.TestTraineeScoping" name="test_provider_forbidden_on_foreign_trainee" time="0.301" /><testcase classname="tests.test_ml_routes.TestPredictRisk" name="test_weak_profile_high_risk" time="0.096" /><testcase classname="tests.test_phase4_ml_wiring.TestFollowupClassification" name="test_self_employed_beauty" time="0.470" /><testcase classname="tests.test_ml_routes.TestPredictRisk" name="test_strong_profile_low_risk" time="0.088" /><testcase classname="tests.test_phase4_ml_wiring.TestFollowupClassification" name="test_employed_healthcare" time="0.114" /><testcase classname="tests.test_ml_routes.TestPredictRisk" name="test_weak_risk_ge_strong_risk" time="0.178" /><testcase classname="tests.test_phase4_ml_wiring.TestFollowupClassification" name="test_unreachable_and_validation" time="0.148" /><testcase classname="tests.test_ml_routes.TestPredictRisk" name="test_unknown_categories_handled" time="0.126" /><testcase classname="tests.test_phase4_ml_wiring.TestFollowupClassification" name="test_trainee_risk" time="0.077" /><testcase classname="tests.test_phase4_ml_wiring.TestFollowupClassification" name="test_risk_400_without_enrollment" time="0.138" /><testcase classname="tests.test_ml_routes.TestPredictRisk" name="test_validation_error_on_bad_types" time="0.118" /><testcase classname="tests.test_phase2_regression.TestAnalytics" name="test_district_summary" time="0.107" /><testcase classname="tests.test_phase4_ml_wiring.TestFollowupClassification" name="test_risk_404_unknown_trainee" time="0.069" /><testcase classname="tests.test_auth_lockout.TestSeededAccountsStillWork" name="test_all_four_accounts_get_jwt[super_admin]" time="0.292" /><testcase classname="tests.test_phase2_regression.TestAnalytics" name="test_demographic_breakdown" time="0.281" /><testcase classname="tests.test_auth_lockout.TestSeededAccountsStillWork" name="test_all_four_accounts_get_jwt[provider]" time="0.291" /><testcase classname="tests.test_phase2_regression.TestAnalytics" name="test_non_placement_reasons" time="0.315" /><testcase classname="tests.test_auth_lockout.TestSeededAccountsStillWork" name="test_all_four_accounts_get_jwt[district_admin]" time="0.292" /><testcase classname="tests.test_phase2_regression.TestAnalytics" name="test_providers_and_programs" time="0.562" /><testcase classname="tests.test_auth_lockout.TestSeededAccountsStillWork" name="test_all_four_accounts_get_jwt[state_admin]" time="0.301" /><testcase classname="tests.test_ml_routes.TestMatchIdentity" name="test_requires_auth" time="0.074" /><testcase classname="tests.test_phase2_regression.TestAnalytics" name="test_provider_summary_scoped" time="0.216" /><testcase classname="tests.test_ml_routes.TestMatchIdentity" name="test_invalid_token_rejected" time="0.066" /><testcase classname="tests.test_ml_routes.TestMatchIdentity" name="test_duplicate_detected_for_existing_trainee" time="0.142" /><testcase classname="tests.test_ml_routes.TestMatchIdentity" name="test_fake_person_not_duplicate" time="0.069" /><testcase classname="tests.test_phase7_privacy.TestConsentScopeEnforcement" name="test_wage_dropped_when_scope_excludes_wage_data" time="0.653" /><testcase classname="tests.test_phase7_privacy.TestRevokeAnonymize" name="test_revoke_anonymizes_pii_and_preserves_aggregates" time="0.686" /><testcase classname="tests.test_phase7_privacy.TestConsentScopeEnforcement" name="test_wage_stored_when_scope_includes_wage_data" time="0.405" /><testcase classname="tests.test_phase7_privacy.TestRevokeAnonymize" name="test_second_revoke_returns_409" time="0.081" /><testcase classname="tests.test_phase7_privacy.TestRevokeAnonymize" name="test_revoke_nonexistent_returns_404" time="0.069" /><testcase classname="tests.test_phase7_privacy.TestRevokeAnonymize" name="test_revoke_requires_auth" time="0.202" /><testcase classname="tests.test_phase7_privacy.TestConsentScopeEnforcement" name="test_csv_export_shows_consent_off_for_wage" time="0.146" /><testcase classname="tests.test_auth_lockout.TestLockoutRealAccountValidPassword" name="test_create_throwaway_account" time="0.593" /><testcase classname="tests.test_phase7_privacy.TestConsentScopeEnforcement" name="test_wage_aggregate_excludes_non_consented" time="0.294" /><testcase classname="tests.test_auth_lockout.TestLockoutInfra" name="test_login_attempts_indexes" time="0.364" /><testcase classname="tests.test_auth_lockout.TestLockoutRealAccountValidPassword" name="test_valid_password_returns_429_while_locked" time="1.759" /><testcase classname="tests.test_auth_lockout.TestLockoutInfra" name="test_bcrypt_hash_format" time="0.382" /><testcase classname="tests.test_auth_lockout.TestLockoutInfra" name="test_cors_credentials_config" time="0.396" /><testcase classname="tests.test_phase2_regression.TestEmploymentVerification" name="test_full_verification_flow_and_token_reuse" time="1.189" /><testcase classname="tests.test_auth_lockout.TestLockoutRealAccountValidPassword" name="test_cleanup_lockout_and_login_again" time="1.055" /><testcase classname="tests.test_phase2_regression.TestEmploymentVerification" name="test_invalid_token_404" time="0.087" /><testcase classname="tests.test_phase2_regression.TestEmploymentVerification" name="test_invalid_employment_type_400" time="0.328" /><testcase classname="tests.test_phase4_ml_wiring.TestAtRiskTrainees" name="test_at_risk_high" time="0.697" /><testcase classname="tests.test_phase2_regression.TestFollowupRespond" name="test_respond_with_raw_text_classifies" time="0.371" /><testcase classname="tests.test_phase4_ml_wiring.TestAtRiskTrainees" name="test_rbac_other_provider_forbidden" time="0.226" /><testcase classname="tests.test_phase2_regression.TestFollowupRespond" name="test_respond_requires_payload" time="0.135" /><testcase classname="tests.test_phase2_regression.TestFollowupRespond" name="test_respond_unknown_followup_404" time="0.071" /><testcase classname="tests.test_phase4_ml_wiring.TestAtRiskTrainees" name="test_no_auth_rejected" time="0.151" /><testcase classname="tests.test_phase4_ml_wiring.TestRegression" name="test_all_roles_login" time="1.336" /><testcase classname="tests.test_phase6_export_consent_wage.TestConsentLogs" name="test_consent_logs_requires_auth" time="0.830" /><testcase classname="tests.test_phase6_export_consent_wage.TestConsentLogs" name="test_consent_logs_shape_and_seeded_events" time="4.957" /><testcase classname="tests.test_phase4_ml_wiring.TestRegression" name="test_ml_routes" time="0.476" /><testcase classname="tests.test_phase4_ml_wiring.TestRegression" name="test_trainee_scoping" time="0.199" /><testcase classname="tests.test_phase7_privacy.TestAuditTrail" name="test_granted_log_on_enroll_and_accessed_log_on_profile_open" time="0.593" /><testcase classname="tests.test_phase7_privacy.TestAuditTrail" name="test_scope_updated_and_revoked_actions" time="0.548" /><testcase classname="tests.test_phase7_privacy.TestAuditTrail" name="test_consent_logs_sorted_and_shaped" time="0.382" /><testcase classname="tests.test_auth_lockout.TestLockoutNonExistentEmail" name="test_five_failures_then_429" time="0.979" /><testcase classname="tests.test_auth_lockout.TestLockoutNonExistentEmail" name="test_unrelated_account_still_logs_in_while_other_locked" time="0.353" /><testcase classname="tests.test_phase4_ml_wiring.TestDuplicateDetection" name="test_duplicate_flow" time="0.435" /><testcase classname="tests.test_phase4_ml_wiring.TestDuplicateDetection" name="test_distinct_person_not_blocked" time="0.136" /><testcase classname="tests.test_ml_routes.TestMLHealth" name="test_health_models_ready_and_metrics" time="0.103" /><testcase classname="tests.test_phase6_export_consent_wage.TestConsentLogs" name="test_consent_write_path_scope_updated_then_revoked_then_restore" time="1.214" /><testcase classname="tests.test_phase6_export_consent_wage.TestWageProgression" name="test_requires_auth" time="0.131" /><testcase classname="tests.test_phase6_export_consent_wage.TestWageProgression" name="test_points_sorted_and_mapped" time="4.263" /><testcase classname="tests.test_phase6_export_consent_wage.TestWageProgression" name="test_bad_trainee_id" time="0.150" /></testsuite></testsuites>