<?xml version="1.0" encoding="utf-8"?><testsuites name="pytest tests"><testsuite name="pytest" errors="0" failures="0" skipped="0" tests="118" time="37.212" timestamp="2026-09-03T00:52:20.862290+00:00" hostname="agent-env-180f5f46-2b2b-4fa0-90af-9fafd402a206"><testcase classname="tests.test_auth_lockout.TestLockoutNonExistentEmail" name="test_five_failures_then_429" time="0.751" /><testcase classname="tests.test_auth_lockout.TestLockoutNonExistentEmail" name="test_unrelated_account_still_logs_in_while_other_locked" time="0.282" /><testcase classname="tests.test_auth_lockout.TestLockoutRealAccountValidPassword" name="test_create_throwaway_account" time="1.701" /><testcase classname="tests.test_auth_lockout.TestLockoutRealAccountValidPassword" name="test_valid_password_returns_429_while_locked" time="1.488" /><testcase classname="tests.test_auth_lockout.TestLockoutRealAccountValidPassword" name="test_cleanup_lockout_and_login_again" time="1.029" /><testcase classname="tests.test_auth_lockout.TestSeededAccountsStillWork" name="test_all_four_accounts_get_jwt[super_admin]" time="0.283" /><testcase classname="tests.test_auth_lockout.TestSeededAccountsStillWork" name="test_all_four_accounts_get_jwt[provider]" time="0.277" /><testcase classname="tests.test_auth_lockout.TestSeededAccountsStillWork" name="test_all_four_accounts_get_jwt[district_admin]" time="0.280" /><testcase classname="tests.test_auth_lockout.TestSeededAccountsStillWork" name="test_all_four_accounts_get_jwt[state_admin]" time="0.284" /><testcase classname="tests.test_auth_lockout.TestLockoutInfra" name="test_login_attempts_indexes" time="0.386" /><testcase classname="tests.test_auth_lockout.TestLockoutInfra" name="test_bcrypt_hash_format" time="0.325" /><testcase classname="tests.test_auth_lockout.TestLockoutInfra" name="test_cors_credentials_config" time="0.494" /><testcase classname="tests.test_ml_routes.TestMLHealth" name="test_health_models_ready_and_metrics" time="0.066" /><testcase classname="tests.test_ml_routes.TestClassifyResponse" name="test_classify[I got a job at a bakery near my house-employed-Hospitality]" time="0.058" /><testcase classname="tests.test_ml_routes.TestClassifyResponse" name="test_classify[I started my own shop-self_employed-None]" time="0.052" /><testcase classname="tests.test_ml_routes.TestClassifyResponse" name="test_classify[still searching, no openings-unemployed-None]" time="0.054" /><testcase classname="tests.test_ml_routes.TestClassifyResponse" name="test_classify[doing apprenticeship at a garage-apprentice-Automotive]" time="0.053" /><testcase classname="tests.test_ml_routes.TestClassifyResponse" name="test_classify_bakery_sector_is_hospitality" time="0.058" /><testcase classname="tests.test_ml_routes.TestClassifyResponse" name="test_classify_no_auth_required" time="0.056" /><testcase classname="tests.test_ml_routes.TestClassifyResponse" name="test_classify_empty_text" time="0.059" /><testcase classname="tests.test_ml_routes.TestClassifyResponse" name="test_classify_missing_field_validation" time="0.053" /><testcase classname="tests.test_ml_routes.TestPredictRisk" name="test_weak_profile_high_risk" time="0.072" /><testcase classname="tests.test_ml_routes.TestPredictRisk" name="test_strong_profile_low_risk" time="0.065" /><testcase classname="tests.test_ml_routes.TestPredictRisk" name="test_weak_risk_ge_strong_risk" time="0.118" /><testcase classname="tests.test_ml_routes.TestPredictRisk" name="test_unknown_categories_handled" time="0.061" /><testcase classname="tests.test_ml_routes.TestPredictRisk" name="test_validation_error_on_bad_types" time="0.053" /><testcase classname="tests.test_ml_routes.TestMatchIdentity" name="test_requires_auth" time="0.056" /><testcase classname="tests.test_ml_routes.TestMatchIdentity" name="test_invalid_token_rejected" time="0.051" /><testcase classname="tests.test_ml_routes.TestMatchIdentity" name="test_duplicate_detected_for_existing_trainee" time="0.113" /><testcase classname="tests.test_ml_routes.TestMatchIdentity" name="test_fake_person_not_duplicate" time="0.056" /><testcase classname="tests.test_phase2_regression.TestAuth" name="test_login_all_seeded_accounts[super_admin]" time="0.280" /><testcase classname="tests.test_phase2_regression.TestAuth" name="test_login_all_seeded_accounts[provider]" time="0.276" /><testcase classname="tests.test_phase2_regression.TestAuth" name="test_login_all_seeded_accounts[district_admin]" time="0.278" /><testcase classname="tests.test_phase2_regression.TestAuth" name="test_login_all_seeded_accounts[state_admin]" time="0.326" /><testcase classname="tests.test_phase2_regression.TestAuth" name="test_me_returns_current_user" time="0.054" /><testcase classname="tests.test_phase2_regression.TestAuth" name="test_me_without_token_401" time="0.054" /><testcase classname="tests.test_phase2_regression.TestAuth" name="test_invalid_password_401" time="0.277" /><testcase classname="tests.test_phase2_regression.TestAuth" name="test_brute_force_lockout_after_5_failures" time="0.444" /><testcase classname="tests.test_phase2_regression.TestAuth" name="test_role_enforcement_provider_cannot_register" time="0.057" /><testcase classname="tests.test_phase2_regression.TestTraineeScoping" name="test_super_admin_requires_drilldown_then_sees_all" time="0.108" /><testcase classname="tests.test_phase2_regression.TestTraineeScoping" name="test_provider_sees_subset" time="0.108" /><testcase classname="tests.test_phase2_regression.TestTraineeScoping" name="test_district_admin_scoped_to_pune" time="0.063" /><testcase classname="tests.test_phase2_regression.TestTraineeScoping" name="test_phone_not_leaked_and_no_mongo_id_key" time="0.058" /><testcase classname="tests.test_phase2_regression.TestTraineeScoping" name="test_get_trainee_detail" time="0.127" /><testcase classname="tests.test_phase2_regression.TestTraineeScoping" name="test_bad_id_returns_400" time="0.073" /><testcase classname="tests.test_phase2_regression.TestTraineeScoping" name="test_provider_forbidden_on_foreign_trainee" time="0.170" /><testcase classname="tests.test_phase2_regression.TestFollowupRespond" name="test_respond_with_raw_text_classifies" time="0.423" /><testcase classname="tests.test_phase2_regression.TestFollowupRespond" name="test_respond_requires_payload" time="0.122" /><testcase classname="tests.test_phase2_regression.TestFollowupRespond" name="test_respond_unknown_followup_404" time="0.085" /><testcase classname="tests.test_phase2_regression.TestEmploymentVerification" name="test_full_verification_flow_and_token_reuse" time="0.452" /><testcase classname="tests.test_phase2_regression.TestEmploymentVerification" name="test_invalid_token_404" time="0.058" /><testcase classname="tests.test_phase2_regression.TestEmploymentVerification" name="test_invalid_employment_type_400" time="0.112" /><testcase classname="tests.test_phase2_regression.TestAnalytics" name="test_district_summary" time="0.087" /><testcase classname="tests.test_phase2_regression.TestAnalytics" name="test_demographic_breakdown" time="0.101" /><testcase classname="tests.test_phase2_regression.TestAnalytics" name="test_non_placement_reasons" time="0.093" /><testcase classname="tests.test_phase2_regression.TestAnalytics" name="test_providers_and_programs" time="0.138" /><testcase classname="tests.test_phase2_regression.TestAnalytics" name="test_provider_summary_scoped" time="0.153" /><testcase classname="tests.test_phase4_ml_wiring.TestDuplicateDetection" name="test_duplicate_flow" time="0.365" /><testcase classname="tests.test_phase4_ml_wiring.TestDuplicateDetection" name="test_distinct_person_not_blocked" time="0.059" /><testcase classname="tests.test_phase4_ml_wiring.TestFollowupClassification" name="test_self_employed_beauty" time="0.344" /><testcase classname="tests.test_phase4_ml_wiring.TestFollowupClassification" name="test_employed_healthcare" time="0.057" /><testcase classname="tests.test_phase4_ml_wiring.TestFollowupClassification" name="test_unreachable_and_validation" time="0.117" /><testcase classname="tests.test_phase4_ml_wiring.TestFollowupClassification" name="test_trainee_risk" time="0.078" /><testcase classname="tests.test_phase4_ml_wiring.TestFollowupClassification" name="test_risk_400_without_enrollment" time="0.126" /><testcase classname="tests.test_phase4_ml_wiring.TestFollowupClassification" name="test_risk_404_unknown_trainee" time="0.057" /><testcase classname="tests.test_phase4_ml_wiring.TestAtRiskTrainees" name="test_at_risk_high" time="0.553" /><testcase classname="tests.test_phase4_ml_wiring.TestAtRiskTrainees" name="test_rbac_other_provider_forbidden" time="0.129" /><testcase classname="tests.test_phase4_ml_wiring.TestAtRiskTrainees" name="test_no_auth_rejected" time="0.165" /><testcase classname="tests.test_phase4_ml_wiring.TestRegression" name="test_all_roles_login" time="1.115" /><testcase classname="tests.test_phase4_ml_wiring.TestRegression" name="test_ml_routes" time="0.224" /><testcase classname="tests.test_phase4_ml_wiring.TestRegression" name="test_trainee_scoping" time="0.122" /><testcase classname="tests.test_phase6_export_consent_wage.TestConsentLogs" name="test_consent_logs_requires_auth" time="0.417" /><testcase classname="tests.test_phase6_export_consent_wage.TestConsentLogs" name="test_consent_logs_shape_and_seeded_events" time="4.822" /><testcase classname="tests.test_phase6_export_consent_wage.TestConsentLogs" name="test_consent_write_path_scope_updated_then_revoked_then_restore" time="1.041" /><testcase classname="tests.test_phase6_export_consent_wage.TestWageProgression" name="test_requires_auth" time="0.155" /><testcase classname="tests.test_phase6_export_consent_wage.TestWageProgression" name="test_points_sorted_and_mapped" time="4.460" /><testcase classname="tests.test_phase6_export_consent_wage.TestWageProgression" name="test_bad_trainee_id" time="0.130" /><testcase classname="tests.test_phase6_export_consent_wage.TestExports" name="test_csv_requires_auth" time="0.248" /><testcase classname="tests.test_phase6_export_consent_wage.TestExports" name="test_pdf_requires_auth" time="0.141" /><testcase classname="tests.test_phase6_export_consent_wage.TestExports" name="test_csv_header_and_rows" time="0.252" /><testcase classname="tests.test_phase6_export_consent_wage.TestExports" name="test_csv_respects_district_filter" time="0.161" /><testcase classname="tests.test_phase6_export_consent_wage.TestExports" name="test_csv_respects_gender_filter" time="0.232" /><testcase classname="tests.test_phase6_export_consent_wage.TestExports" name="test_pdf_is_valid" time="0.235" /><testcase classname="tests.test_phase6_export_consent_wage.TestExports" name="test_pdf_with_filter" time="0.140" /><testcase classname="tests.test_phase6_export_consent_wage.TestExports" name="test_provider_export_is_role_scoped" time="0.651" /><testcase classname="tests.test_phase6_export_consent_wage.TestExports" name="test_district_admin_export_scoped" time="0.159" /><testcase classname="tests.test_phase7_privacy.TestConsentScopeEnforcement" name="test_wage_dropped_when_scope_excludes_wage_data" time="0.462" /><testcase classname="tests.test_phase7_privacy.TestConsentScopeEnforcement" name="test_wage_stored_when_scope_includes_wage_data" time="0.248" /><testcase classname="tests.test_phase7_privacy.TestConsentScopeEnforcement" name="test_csv_export_shows_consent_off_for_wage" time="0.096" /><testcase classname="tests.test_phase7_privacy.TestConsentScopeEnforcement" name="test_wage_aggregate_excludes_non_consented" time="0.071" /><testcase classname="tests.test_phase7_privacy.TestRevokeAnonymize" name="test_revoke_anonymizes_pii_and_preserves_aggregates" time="0.445" /><testcase classname="tests.test_phase7_privacy.TestRevokeAnonymize" name="test_second_revoke_returns_409" time="0.058" /><testcase classname="tests.test_phase7_privacy.TestRevokeAnonymize" name="test_revoke_nonexistent_returns_404" time="0.057" /><testcase classname="tests.test_phase7_privacy.TestRevokeAnonymize" name="test_revoke_requires_auth" time="0.186" /><testcase classname="tests.test_phase7_privacy.TestAdminAggregationOnly" name="test_list_trainees_requires_drilldown[super_admin]" time="0.054" /><testcase classname="tests.test_phase7_privacy.TestAdminAggregationOnly" name="test_list_trainees_requires_drilldown[state_admin]" time="0.056" /><testcase classname="tests.test_phase7_privacy.TestAdminAggregationOnly" name="test_trainees_overview_requires_provider[super_admin]" time="0.059" /><testcase classname="tests.test_phase7_privacy.TestAdminAggregationOnly" name="test_trainees_overview_requires_provider[state_admin]" time="0.050" /><testcase classname="tests.test_phase7_privacy.TestAdminAggregationOnly" name="test_drilldown_with_provider_id_allowed" time="0.237" /><testcase classname="tests.test_phase7_privacy.TestAdminAggregationOnly" name="test_district_drilldown_allowed" time="0.065" /><testcase classname="tests.test_phase7_privacy.TestAdminAggregationOnly" name="test_provider_overview_scoped_to_own" time="0.326" /><testcase classname="tests.test_phase7_privacy.TestAdminAggregationOnly" name="test_district_admin_scoped" time="0.101" /><testcase classname="tests.test_phase7_privacy.TestAdminAggregationOnly" name="test_analytics_overview_is_aggregate_only[super_admin]" time="0.146" /><testcase classname="tests.test_phase7_privacy.TestAdminAggregationOnly" name="test_analytics_overview_is_aggregate_only[state_admin]" time="0.146" /><testcase classname="tests.test_phase7_privacy.TestAdminAggregationOnly" name="test_analytics_overview_is_aggregate_only[district_admin]" time="0.124" /><testcase classname="tests.test_phase7_privacy.TestAdminAggregationOnly" name="test_analytics_overview_is_aggregate_only[provider]" time="0.132" /><testcase classname="tests.test_phase7_privacy.TestAuditTrail" name="test_granted_log_on_enroll_and_accessed_log_on_profile_open" time="0.250" /><testcase classname="tests.test_phase7_privacy.TestAuditTrail" name="test_scope_updated_and_revoked_actions" time="0.249" /><testcase classname="tests.test_phase7_privacy.TestAuditTrail" name="test_consent_logs_sorted_and_shaped" time="0.213" /><testcase classname="tests.test_phase8_auth_playbook" name="test_seeded_password_hashes_are_bcrypt_2b" time="0.001" /><testcase classname="tests.test_phase8_auth_playbook" name="test_login_returns_bearer_token_and_no_auth_cookie" time="0.356" /><testcase classname="tests.test_phase8_auth_playbook" name="test_cors_preflight_allows_public_origin" time="0.079" /><testcase classname="tests.test_phase8_auth_playbook" name="test_access_token_cookie_fallback_authenticates_me" time="0.527" /><testcase classname="tests.test_phase8_auth_playbook" name="test_me_requires_auth" time="0.125" /><testcase classname="tests.test_phase8_auth_playbook" name="test_csv_and_pdf_export" time="0.335" /><testcase classname="tests.test_phase8_consent_enforcement.TestConsentEnforcedOnWritePaths" name="test_write_paths_before_and_after_revoke" time="0.871" /><testcase classname="tests.test_phase8_consent_enforcement.TestConsentEnforcedOnWritePaths" name="test_schedule_skips_revoked_trainees" time="0.418" /><testcase classname="tests.test_phase8_consent_enforcement.TestRevokeRegression" name="test_revoke_preserves_aggregate_and_logs" time="0.447" /></testsuite></testsuites>