<?xml version="1.0" encoding="utf-8"?><testsuites name="pytest tests"><testsuite name="pytest" errors="0" failures="0" skipped="0" tests="23" time="6.382" timestamp="2026-09-03T00:27:38.565543+00:00" hostname="agent-env-180f5f46-2b2b-4fa0-90af-9fafd402a206"><testcase classname="tests.test_phase7_privacy.TestConsentScopeEnforcement" name="test_wage_dropped_when_scope_excludes_wage_data" time="2.055" /><testcase classname="tests.test_phase7_privacy.TestConsentScopeEnforcement" name="test_wage_stored_when_scope_includes_wage_data" time="0.281" /><testcase classname="tests.test_phase7_privacy.TestConsentScopeEnforcement" name="test_csv_export_shows_consent_off_for_wage" time="0.119" /><testcase classname="tests.test_phase7_privacy.TestConsentScopeEnforcement" name="test_wage_aggregate_excludes_non_consented" time="0.089" /><testcase classname="tests.test_phase7_privacy.TestRevokeAnonymize" name="test_revoke_anonymizes_pii_and_preserves_aggregates" time="0.758" /><testcase classname="tests.test_phase7_privacy.TestRevokeAnonymize" name="test_second_revoke_returns_409" time="0.069" /><testcase classname="tests.test_phase7_privacy.TestRevokeAnonymize" name="test_revoke_nonexistent_returns_404" time="0.067" /><testcase classname="tests.test_phase7_privacy.TestRevokeAnonymize" name="test_revoke_requires_auth" time="0.201" /><testcase classname="tests.test_phase7_privacy.TestAdminAggregationOnly" name="test_list_trainees_requires_drilldown[super_admin]" time="0.066" /><testcase classname="tests.test_phase7_privacy.TestAdminAggregationOnly" name="test_list_trainees_requires_drilldown[state_admin]" time="0.068" /><testcase classname="tests.test_phase7_privacy.TestAdminAggregationOnly" name="test_trainees_overview_requires_provider[super_admin]" time="0.067" /><testcase classname="tests.test_phase7_privacy.TestAdminAggregationOnly" name="test_trainees_overview_requires_provider[state_admin]" time="0.071" /><testcase classname="tests.test_phase7_privacy.TestAdminAggregationOnly" name="test_drilldown_with_provider_id_allowed" time="0.257" /><testcase classname="tests.test_phase7_privacy.TestAdminAggregationOnly" name="test_district_drilldown_allowed" time="0.076" /><testcase classname="tests.test_phase7_privacy.TestAdminAggregationOnly" name="test_provider_overview_scoped_to_own" time="0.400" /><testcase classname="tests.test_phase7_privacy.TestAdminAggregationOnly" name="test_district_admin_scoped" time="0.131" /><testcase classname="tests.test_phase7_privacy.TestAdminAggregationOnly" name="test_analytics_overview_is_aggregate_only[super_admin]" time="0.182" /><testcase classname="tests.test_phase7_privacy.TestAdminAggregationOnly" name="test_analytics_overview_is_aggregate_only[state_admin]" time="0.179" /><testcase classname="tests.test_phase7_privacy.TestAdminAggregationOnly" name="test_analytics_overview_is_aggregate_only[district_admin]" time="0.145" /><testcase classname="tests.test_phase7_privacy.TestAdminAggregationOnly" name="test_analytics_overview_is_aggregate_only[provider]" time="0.140" /><testcase classname="tests.test_phase7_privacy.TestAuditTrail" name="test_granted_log_on_enroll_and_accessed_log_on_profile_open" time="0.284" /><testcase classname="tests.test_phase7_privacy.TestAuditTrail" name="test_scope_updated_and_revoked_actions" time="0.279" /><testcase classname="tests.test_phase7_privacy.TestAuditTrail" name="test_consent_logs_sorted_and_shaped" time="0.338" /></testsuite></testsuites>