<?xml version="1.0" encoding="utf-8"?><testsuites name="pytest tests"><testsuite name="pytest" errors="0" failures="1" skipped="0" tests="57" time="12.436" timestamp="2026-09-02T22:18:44.588332+00:00" hostname="agent-env-180f5f46-2b2b-4fa0-90af-9fafd402a206"><testcase classname="tests.test_phase2_regression.TestAuth" name="test_login_all_seeded_accounts[super_admin]" time="0.447" /><testcase classname="tests.test_ml_routes.TestClassifyResponse" name="test_classify[I got a job at a bakery near my house-employed-Hospitality]" time="0.450" /><testcase classname="tests.test_phase2_regression.TestAuth" name="test_login_all_seeded_accounts[provider]" time="0.303" /><testcase classname="tests.test_ml_routes.TestClassifyResponse" name="test_classify[I started my own shop-self_employed-None]" time="0.301" /><testcase classname="tests.test_phase2_regression.TestAuth" name="test_login_all_seeded_accounts[district_admin]" time="0.295" /><testcase classname="tests.test_ml_routes.TestClassifyResponse" name="test_classify[still searching, no openings-unemployed-None]" time="0.297" /><testcase classname="tests.test_phase2_regression.TestAuth" name="test_login_all_seeded_accounts[state_admin]" time="0.298" /><testcase classname="tests.test_ml_routes.TestClassifyResponse" name="test_classify[doing apprenticeship at a garage-apprentice-Automotive]" time="0.298" /><testcase classname="tests.test_ml_routes.TestClassifyResponse" name="test_classify_bakery_sector_is_hospitality" time="0.294" /><testcase classname="tests.test_ml_routes.TestClassifyResponse" name="test_classify_no_auth_required" time="0.299" /><testcase classname="tests.test_ml_routes.TestClassifyResponse" name="test_classify_empty_text" time="0.299" /><testcase classname="tests.test_ml_routes.TestClassifyResponse" name="test_classify_missing_field_validation" time="0.304" /><testcase classname="tests.test_phase2_regression.TestAuth" name="test_me_returns_current_user" time="1.263" /><testcase classname="tests.test_phase2_regression.TestAuth" name="test_me_without_token_401" time="0.242" /><testcase classname="tests.test_phase2_regression.TestAuth" name="test_invalid_password_401" time="0.292" /><testcase classname="tests.test_phase2_regression.TestAuth" name="test_brute_force_lockout_after_5_failures" time="1.237" /><testcase classname="tests.test_phase2_regression.TestTraineeScoping" name="test_super_admin_sees_150" time="1.535" /><testcase classname="tests.test_phase2_regression.TestTraineeScoping" name="test_provider_sees_subset" time="0.220" /><testcase classname="tests.test_phase2_regression.TestTraineeScoping" name="test_district_admin_scoped_to_pune" time="0.095" /><testcase classname="tests.test_phase2_regression.TestAuth" name="test_role_enforcement_provider_cannot_register" time="0.077" /><testcase classname="tests.test_phase2_regression.TestTraineeScoping" name="test_phone_not_leaked_and_no_mongo_id_key" time="0.087" /><testcase classname="tests.test_ml_routes.TestPredictRisk" name="test_weak_profile_high_risk" time="0.088" /><testcase classname="tests.test_phase2_regression.TestTraineeScoping" name="test_get_trainee_detail" time="0.213" /><testcase classname="tests.test_ml_routes.TestPredictRisk" name="test_strong_profile_low_risk" time="0.128" /><testcase classname="tests.test_ml_routes.TestPredictRisk" name="test_weak_risk_ge_strong_risk" time="0.159" /><testcase classname="tests.test_phase2_regression.TestTraineeScoping" name="test_bad_id_returns_400" time="0.099" /><testcase classname="tests.test_phase2_regression.TestTraineeScoping" name="test_provider_forbidden_on_foreign_trainee" time="0.313" /><testcase classname="tests.test_ml_routes.TestPredictRisk" name="test_unknown_categories_handled" time="0.116" /><testcase classname="tests.test_ml_routes.TestPredictRisk" name="test_validation_error_on_bad_types" time="0.110" /><testcase classname="tests.test_auth_lockout.TestSeededAccountsStillWork" name="test_all_four_accounts_get_jwt[super_admin]" time="0.332" /><testcase classname="tests.test_phase2_regression.TestAnalytics" name="test_district_summary" time="0.267" /><testcase classname="tests.test_phase2_regression.TestAnalytics" name="test_demographic_breakdown" time="0.326" /><testcase classname="tests.test_auth_lockout.TestSeededAccountsStillWork" name="test_all_four_accounts_get_jwt[provider]" time="0.295" /><testcase classname="tests.test_auth_lockout.TestSeededAccountsStillWork" name="test_all_four_accounts_get_jwt[district_admin]" time="0.291" /><testcase classname="tests.test_phase2_regression.TestAnalytics" name="test_non_placement_reasons" time="0.332" /><testcase classname="tests.test_auth_lockout.TestSeededAccountsStillWork" name="test_all_four_accounts_get_jwt[state_admin]" time="0.347" /><testcase classname="tests.test_phase2_regression.TestAnalytics" name="test_providers_and_programs" time="0.345" /><testcase classname="tests.test_ml_routes.TestMatchIdentity" name="test_requires_auth" time="0.066" /><testcase classname="tests.test_phase2_regression.TestAnalytics" name="test_provider_summary_scoped" time="0.232" /><testcase classname="tests.test_ml_routes.TestMatchIdentity" name="test_invalid_token_rejected" time="0.065" /><testcase classname="tests.test_ml_routes.TestMatchIdentity" name="test_duplicate_detected_for_existing_trainee" time="0.137" /><testcase classname="tests.test_ml_routes.TestMatchIdentity" name="test_fake_person_not_duplicate" time="0.082" /><testcase classname="tests.test_auth_lockout.TestLockoutRealAccountValidPassword" name="test_create_throwaway_account" time="0.983" /><testcase classname="tests.test_auth_lockout.TestLockoutInfra" name="test_login_attempts_indexes" time="0.636" /><testcase classname="tests.test_auth_lockout.TestLockoutInfra" name="test_bcrypt_hash_format" time="0.730" /><testcase classname="tests.test_auth_lockout.TestLockoutRealAccountValidPassword" name="test_valid_password_returns_429_while_locked" time="1.977" /><testcase classname="tests.test_auth_lockout.TestLockoutInfra" name="test_cors_credentials_config" time="0.578"><failure message="AssertionError: CORS wildcard origin combined with allow_credentials=true&#10;assert not ('*' == '*'&#10;  &#10;    * and 'true' == 'true'&#10;  &#10;    true)">E   AssertionError: CORS wildcard origin combined with allow_credentials=true
    assert not ('*' == '*'
      
        * and 'true' == 'true'
      
        true)</failure></testcase><testcase classname="tests.test_phase2_regression.TestFollowupRespond" name="test_respond_with_raw_text_classifies" time="0.658" /><testcase classname="tests.test_phase2_regression.TestFollowupRespond" name="test_respond_requires_payload" time="0.273" /><testcase classname="tests.test_phase2_regression.TestFollowupRespond" name="test_respond_unknown_followup_404" time="0.080" /><testcase classname="tests.test_auth_lockout.TestLockoutRealAccountValidPassword" name="test_cleanup_lockout_and_login_again" time="1.342" /><testcase classname="tests.test_auth_lockout.TestLockoutNonExistentEmail" name="test_five_failures_then_429" time="0.925" /><testcase classname="tests.test_auth_lockout.TestLockoutNonExistentEmail" name="test_unrelated_account_still_logs_in_while_other_locked" time="0.473" /><testcase classname="tests.test_phase2_regression.TestEmploymentVerification" name="test_full_verification_flow_and_token_reuse" time="0.679" /><testcase classname="tests.test_ml_routes.TestMLHealth" name="test_health_models_ready_and_metrics" time="0.070" /><testcase classname="tests.test_phase2_regression.TestEmploymentVerification" name="test_invalid_token_404" time="0.081" /><testcase classname="tests.test_phase2_regression.TestEmploymentVerification" name="test_invalid_employment_type_400" time="0.176" /></testsuite></testsuites>