<?xml version="1.0" encoding="utf-8"?><testsuites name="pytest tests"><testsuite name="pytest" errors="0" failures="0" skipped="0" tests="71" time="15.910" timestamp="2026-09-02T22:37:18.550889+00:00" hostname="agent-env-180f5f46-2b2b-4fa0-90af-9fafd402a206"><testcase classname="tests.test_ml_routes.TestClassifyResponse" name="test_classify[I got a job at a bakery near my house-employed-Hospitality]" time="0.569" /><testcase classname="tests.test_phase2_regression.TestAuth" name="test_login_all_seeded_accounts[super_admin]" time="0.795" /><testcase classname="tests.test_ml_routes.TestClassifyResponse" name="test_classify[I started my own shop-self_employed-None]" time="0.226" /><testcase classname="tests.test_phase2_regression.TestAuth" name="test_login_all_seeded_accounts[provider]" time="0.313" /><testcase classname="tests.test_ml_routes.TestClassifyResponse" name="test_classify[still searching, no openings-unemployed-None]" time="0.090" /><testcase classname="tests.test_ml_routes.TestClassifyResponse" name="test_classify[doing apprenticeship at a garage-apprentice-Automotive]" time="0.228" /><testcase classname="tests.test_phase2_regression.TestAuth" name="test_login_all_seeded_accounts[district_admin]" time="0.323" /><testcase classname="tests.test_ml_routes.TestClassifyResponse" name="test_classify_bakery_sector_is_hospitality" time="0.068" /><testcase classname="tests.test_ml_routes.TestClassifyResponse" name="test_classify_no_auth_required" time="0.229" /><testcase classname="tests.test_ml_routes.TestClassifyResponse" name="test_classify_empty_text" time="0.076" /><testcase classname="tests.test_phase2_regression.TestAuth" name="test_login_all_seeded_accounts[state_admin]" time="0.316" /><testcase classname="tests.test_ml_routes.TestClassifyResponse" name="test_classify_missing_field_validation" time="0.238" /><testcase classname="tests.test_phase2_regression.TestTraineeScoping" name="test_super_admin_sees_150" time="1.898" /><testcase classname="tests.test_phase2_regression.TestTraineeScoping" name="test_provider_sees_subset" time="0.145" /><testcase classname="tests.test_phase2_regression.TestAuth" name="test_me_returns_current_user" time="2.037" /><testcase classname="tests.test_phase2_regression.TestTraineeScoping" name="test_district_admin_scoped_to_pune" time="0.082" /><testcase classname="tests.test_phase2_regression.TestAuth" name="test_me_without_token_401" time="0.094" /><testcase classname="tests.test_phase2_regression.TestTraineeScoping" name="test_phone_not_leaked_and_no_mongo_id_key" time="0.080" /><testcase classname="tests.test_phase2_regression.TestAuth" name="test_invalid_password_401" time="0.316" /><testcase classname="tests.test_phase2_regression.TestTraineeScoping" name="test_get_trainee_detail" time="0.314" /><testcase classname="tests.test_phase2_regression.TestAuth" name="test_brute_force_lockout_after_5_failures" time="0.934" /><testcase classname="tests.test_phase2_regression.TestTraineeScoping" name="test_bad_id_returns_400" time="0.070" /><testcase classname="tests.test_phase2_regression.TestTraineeScoping" name="test_provider_forbidden_on_foreign_trainee" time="0.300" /><testcase classname="tests.test_ml_routes.TestPredictRisk" name="test_weak_profile_high_risk" time="0.073" /><testcase classname="tests.test_ml_routes.TestPredictRisk" name="test_strong_profile_low_risk" time="0.119" /><testcase classname="tests.test_ml_routes.TestPredictRisk" name="test_weak_risk_ge_strong_risk" time="0.154" /><testcase classname="tests.test_ml_routes.TestPredictRisk" name="test_unknown_categories_handled" time="0.117" /><testcase classname="tests.test_ml_routes.TestPredictRisk" name="test_validation_error_on_bad_types" time="0.072" /><testcase classname="tests.test_phase2_regression.TestAuth" name="test_role_enforcement_provider_cannot_register" time="0.098" /><testcase classname="tests.test_phase2_regression.TestAnalytics" name="test_district_summary" time="0.131" /><testcase classname="tests.test_phase2_regression.TestAnalytics" name="test_demographic_breakdown" time="0.084" /><testcase classname="tests.test_phase2_regression.TestAnalytics" name="test_non_placement_reasons" time="0.123" /><testcase classname="tests.test_phase2_regression.TestAnalytics" name="test_providers_and_programs" time="0.148" /><testcase classname="tests.test_phase2_regression.TestAnalytics" name="test_provider_summary_scoped" time="0.163" /><testcase classname="tests.test_phase4_ml_wiring.TestFollowupClassification" name="test_self_employed_beauty" time="0.675" /><testcase classname="tests.test_auth_lockout.TestSeededAccountsStillWork" name="test_all_four_accounts_get_jwt[super_admin]" time="0.305" /><testcase classname="tests.test_phase4_ml_wiring.TestFollowupClassification" name="test_employed_healthcare" time="0.236" /><testcase classname="tests.test_auth_lockout.TestSeededAccountsStillWork" name="test_all_four_accounts_get_jwt[provider]" time="0.304" /><testcase classname="tests.test_phase4_ml_wiring.TestFollowupClassification" name="test_unreachable_and_validation" time="0.619" /><testcase classname="tests.test_auth_lockout.TestSeededAccountsStillWork" name="test_all_four_accounts_get_jwt[district_admin]" time="0.320" /><testcase classname="tests.test_auth_lockout.TestSeededAccountsStillWork" name="test_all_four_accounts_get_jwt[state_admin]" time="0.324" /><testcase classname="tests.test_phase4_ml_wiring.TestFollowupClassification" name="test_trainee_risk" time="0.333" /><testcase classname="tests.test_ml_routes.TestMatchIdentity" name="test_requires_auth" time="0.076" /><testcase classname="tests.test_phase4_ml_wiring.TestFollowupClassification" name="test_risk_400_without_enrollment" time="0.243" /><testcase classname="tests.test_ml_routes.TestMatchIdentity" name="test_invalid_token_rejected" time="0.110" /><testcase classname="tests.test_ml_routes.TestMatchIdentity" name="test_duplicate_detected_for_existing_trainee" time="0.156" /><testcase classname="tests.test_phase4_ml_wiring.TestFollowupClassification" name="test_risk_404_unknown_trainee" time="0.106" /><testcase classname="tests.test_ml_routes.TestMatchIdentity" name="test_fake_person_not_duplicate" time="0.085" /><testcase classname="tests.test_auth_lockout.TestLockoutRealAccountValidPassword" name="test_create_throwaway_account" time="1.093" /><testcase classname="tests.test_auth_lockout.TestLockoutInfra" name="test_login_attempts_indexes" time="0.700" /><testcase classname="tests.test_auth_lockout.TestLockoutInfra" name="test_bcrypt_hash_format" time="0.767" /><testcase classname="tests.test_auth_lockout.TestLockoutRealAccountValidPassword" name="test_valid_password_returns_429_while_locked" time="2.085" /><testcase classname="tests.test_auth_lockout.TestLockoutInfra" name="test_cors_credentials_config" time="0.607" /><testcase classname="tests.test_phase2_regression.TestFollowupRespond" name="test_respond_with_raw_text_classifies" time="0.712" /><testcase classname="tests.test_phase2_regression.TestFollowupRespond" name="test_respond_requires_payload" time="0.270" /><testcase classname="tests.test_phase2_regression.TestFollowupRespond" name="test_respond_unknown_followup_404" time="0.121" /><testcase classname="tests.test_auth_lockout.TestLockoutRealAccountValidPassword" name="test_cleanup_lockout_and_login_again" time="1.477" /><testcase classname="tests.test_phase4_ml_wiring.TestAtRiskTrainees" name="test_at_risk_high" time="1.262" /><testcase classname="tests.test_phase4_ml_wiring.TestAtRiskTrainees" name="test_rbac_other_provider_forbidden" time="0.184" /><testcase classname="tests.test_phase2_regression.TestEmploymentVerification" name="test_full_verification_flow_and_token_reuse" time="1.632" /><testcase classname="tests.test_phase4_ml_wiring.TestAtRiskTrainees" name="test_no_auth_rejected" time="0.227" /><testcase classname="tests.test_phase4_ml_wiring.TestRegression" name="test_all_roles_login" time="1.210" /><testcase classname="tests.test_phase4_ml_wiring.TestRegression" name="test_ml_routes" time="0.407" /><testcase classname="tests.test_phase2_regression.TestEmploymentVerification" name="test_invalid_token_404" time="0.121" /><testcase classname="tests.test_phase2_regression.TestEmploymentVerification" name="test_invalid_employment_type_400" time="0.271" /><testcase classname="tests.test_phase4_ml_wiring.TestRegression" name="test_trainee_scoping" time="0.189" /><testcase classname="tests.test_phase4_ml_wiring.TestDuplicateDetection" name="test_duplicate_flow" time="0.449" /><testcase classname="tests.test_auth_lockout.TestLockoutNonExistentEmail" name="test_five_failures_then_429" time="0.726" /><testcase classname="tests.test_phase4_ml_wiring.TestDuplicateDetection" name="test_distinct_person_not_blocked" time="0.134" /><testcase classname="tests.test_ml_routes.TestMLHealth" name="test_health_models_ready_and_metrics" time="0.148" /><testcase classname="tests.test_auth_lockout.TestLockoutNonExistentEmail" name="test_unrelated_account_still_logs_in_while_other_locked" time="0.312" /></testsuite></testsuites>