<?xml version="1.0" encoding="utf-8"?><testsuites name="pytest tests"><testsuite name="pytest" errors="0" failures="0" skipped="0" tests="59" time="24.621" timestamp="2026-09-02T23:57:37.550375+00:00" hostname="agent-env-180f5f46-2b2b-4fa0-90af-9fafd402a206"><testcase classname="tests.test_ml_routes.TestClassifyResponse" name="test_classify[I got a job at a bakery near my house-employed-Hospitality]" time="0.237" /><testcase classname="tests.test_phase2_regression.TestAuth" name="test_login_all_seeded_accounts[super_admin]" time="20.100" /><testcase classname="tests.test_ml_routes.TestClassifyResponse" name="test_classify[I started my own shop-self_employed-None]" time="0.088" /><testcase classname="tests.test_ml_routes.TestClassifyResponse" name="test_classify[still searching, no openings-unemployed-None]" time="0.078" /><testcase classname="tests.test_ml_routes.TestClassifyResponse" name="test_classify[doing apprenticeship at a garage-apprentice-Automotive]" time="0.072" /><testcase classname="tests.test_ml_routes.TestClassifyResponse" name="test_classify_bakery_sector_is_hospitality" time="0.065" /><testcase classname="tests.test_ml_routes.TestClassifyResponse" name="test_classify_no_auth_required" time="0.083" /><testcase classname="tests.test_ml_routes.TestClassifyResponse" name="test_classify_empty_text" time="0.110" /><testcase classname="tests.test_ml_routes.TestClassifyResponse" name="test_classify_missing_field_validation" time="0.078" /><testcase classname="tests.test_phase2_regression.TestTraineeScoping" name="test_super_admin_sees_150" time="1.435" /><testcase classname="tests.test_phase2_regression.TestTraineeScoping" name="test_provider_sees_subset" time="0.152" /><testcase classname="tests.test_phase2_regression.TestTraineeScoping" name="test_district_admin_scoped_to_pune" time="0.079" /><testcase classname="tests.test_phase2_regression.TestTraineeScoping" name="test_phone_not_leaked_and_no_mongo_id_key" time="0.137" /><testcase classname="tests.test_phase2_regression.TestTraineeScoping" name="test_get_trainee_detail" time="0.202" /><testcase classname="tests.test_phase2_regression.TestTraineeScoping" name="test_bad_id_returns_400" time="0.081" /><testcase classname="tests.test_phase2_regression.TestTraineeScoping" name="test_provider_forbidden_on_foreign_trainee" time="0.338" /><testcase classname="tests.test_phase4_ml_wiring.TestFollowupClassification" name="test_self_employed_beauty" time="0.625" /><testcase classname="tests.test_phase4_ml_wiring.TestFollowupClassification" name="test_employed_healthcare" time="0.075" /><testcase classname="tests.test_phase4_ml_wiring.TestFollowupClassification" name="test_unreachable_and_validation" time="0.146" /><testcase classname="tests.test_phase4_ml_wiring.TestFollowupClassification" name="test_trainee_risk" time="0.173" /><testcase classname="tests.test_phase4_ml_wiring.TestFollowupClassification" name="test_risk_400_without_enrollment" time="0.169" /><testcase classname="tests.test_phase4_ml_wiring.TestFollowupClassification" name="test_risk_404_unknown_trainee" time="0.106" /><testcase classname="tests.test_phase2_regression.TestAnalytics" name="test_district_summary" time="0.086" /><testcase classname="tests.test_phase2_regression.TestAnalytics" name="test_demographic_breakdown" time="0.087" /><testcase classname="tests.test_phase2_regression.TestAnalytics" name="test_non_placement_reasons" time="0.130" /><testcase classname="tests.test_phase2_regression.TestAnalytics" name="test_providers_and_programs" time="0.173" /><testcase classname="tests.test_phase2_regression.TestAnalytics" name="test_provider_summary_scoped" time="0.273" /><testcase classname="tests.test_ml_routes.TestPredictRisk" name="test_weak_profile_high_risk" time="0.083" /><testcase classname="tests.test_ml_routes.TestPredictRisk" name="test_strong_profile_low_risk" time="0.089" /><testcase classname="tests.test_ml_routes.TestPredictRisk" name="test_weak_risk_ge_strong_risk" time="0.164" /><testcase classname="tests.test_ml_routes.TestPredictRisk" name="test_unknown_categories_handled" time="0.071" /><testcase classname="tests.test_ml_routes.TestPredictRisk" name="test_validation_error_on_bad_types" time="0.075" /><testcase classname="tests.test_ml_routes.TestMatchIdentity" name="test_requires_auth" time="0.093" /><testcase classname="tests.test_ml_routes.TestMatchIdentity" name="test_invalid_token_rejected" time="0.078" /><testcase classname="tests.test_ml_routes.TestMatchIdentity" name="test_duplicate_detected_for_existing_trainee" time="0.215" /><testcase classname="tests.test_ml_routes.TestMatchIdentity" name="test_fake_person_not_duplicate" time="0.072" /><testcase classname="tests.test_phase2_regression.TestFollowupRespond" name="test_respond_with_raw_text_classifies" time="0.327" /><testcase classname="tests.test_phase2_regression.TestFollowupRespond" name="test_respond_requires_payload" time="0.146" /><testcase classname="tests.test_phase2_regression.TestFollowupRespond" name="test_respond_unknown_followup_404" time="0.086" /><testcase classname="tests.test_phase2_regression.TestEmploymentVerification" name="test_full_verification_flow_and_token_reuse" time="0.601" /><testcase classname="tests.test_phase2_regression.TestEmploymentVerification" name="test_invalid_token_404" time="0.078" /><testcase classname="tests.test_phase2_regression.TestEmploymentVerification" name="test_invalid_employment_type_400" time="0.141" /><testcase classname="tests.test_phase4_ml_wiring.TestAtRiskTrainees" name="test_at_risk_high" time="0.686" /><testcase classname="tests.test_phase4_ml_wiring.TestAtRiskTrainees" name="test_rbac_other_provider_forbidden" time="0.147" /><testcase classname="tests.test_phase4_ml_wiring.TestAtRiskTrainees" name="test_no_auth_rejected" time="12.716" /><testcase classname="tests.test_phase2_regression.TestAuth" name="test_login_all_seeded_accounts[provider]" time="0.277" /><testcase classname="tests.test_phase2_regression.TestAuth" name="test_login_all_seeded_accounts[district_admin]" time="0.284" /><testcase classname="tests.test_phase2_regression.TestAuth" name="test_login_all_seeded_accounts[state_admin]" time="0.278" /><testcase classname="tests.test_phase4_ml_wiring.TestRegression" name="test_all_roles_login" time="1.690" /><testcase classname="tests.test_phase2_regression.TestAuth" name="test_me_returns_current_user" time="1.878" /><testcase classname="tests.test_phase2_regression.TestAuth" name="test_me_without_token_401" time="0.056" /><testcase classname="tests.test_phase4_ml_wiring.TestRegression" name="test_ml_routes" time="0.519" /><testcase classname="tests.test_phase2_regression.TestAuth" name="test_invalid_password_401" time="0.343" /><testcase classname="tests.test_phase2_regression.TestAuth" name="test_brute_force_lockout_after_5_failures" time="0.479" /><testcase classname="tests.test_phase4_ml_wiring.TestRegression" name="test_trainee_scoping" time="0.206" /><testcase classname="tests.test_phase4_ml_wiring.TestDuplicateDetection" name="test_duplicate_flow" time="0.364" /><testcase classname="tests.test_phase2_regression.TestAuth" name="test_role_enforcement_provider_cannot_register" time="0.054" /><testcase classname="tests.test_ml_routes.TestMLHealth" name="test_health_models_ready_and_metrics" time="0.053" /><testcase classname="tests.test_phase4_ml_wiring.TestDuplicateDetection" name="test_distinct_person_not_blocked" time="0.112" /></testsuite></testsuites>